<?xml version="1.0" encoding="UTF-8"?>
<!-- Generated by org.testng.reporters.JUnitReportReporter -->
<testsuite skipped="0" hostname="DESKTOP-TKK5GPG" name="testcases.BookingSearch" tests="2" failures="0" timestamp="24 Apr 2021 21:55:18 GMT" time="0.037" errors="0">
  <testcase name="selectHotel" time="0.002" classname="testcases.BookingSearch"/>
  <testcase name="searchHotel" time="0.035" classname="testcases.BookingSearch"/>
</testsuite> <!-- testcases.BookingSearch -->
