<?xml version="1.0" encoding="UTF-8"?>
<!-- Generated by org.testng.reporters.JUnitReportReporter -->
<testsuite skipped="0" hostname="DESKTOP-TKK5GPG" name="testcases.PaymentManager" tests="2" failures="0" timestamp="24 Apr 2021 21:55:18 GMT" time="0.005" errors="0">
  <testcase name="makeCCPayment" time="0.002" classname="testcases.PaymentManager"/>
  <testcase name="makeCashPayment" time="0.003" classname="testcases.PaymentManager"/>
</testsuite> <!-- testcases.PaymentManager -->
