<?xml version="1.0" encoding="UTF-8"?>
<!-- Generated by org.testng.reporters.JUnitReportReporter -->
<testsuite skipped="0" hostname="DESKTOP-TKK5GPG" name="ValidateData" tests="1" failures="0" timestamp="4 Jan 2021 13:14:45 GMT" time="0.025" errors="0">
  <testcase name="validateTestData" time="0.025" classname="ValidateData"/>
</testsuite> <!-- ValidateData -->
