<?xml version="1.0" encoding="UTF-8"?>
<!-- Generated by org.testng.reporters.JUnitReportReporter -->
<testsuite skipped="2" hostname="DESKTOP-TKK5GPG" name="com.qtpselenium.hybrid.suitea.LoginTest" tests="3" failures="0" timestamp="12 Feb 2021 14:07:10 GMT" time="17.584" errors="0">
  <testcase name="doLogin" time="17.580" classname="com.qtpselenium.hybrid.suitea.LoginTest"/>
  <testcase name="doLogin" time="0.002" classname="com.qtpselenium.hybrid.suitea.LoginTest">
    <skipped/>
  </testcase> <!-- doLogin -->
  <testcase name="doLogin" time="0.002" classname="com.qtpselenium.hybrid.suitea.LoginTest">
    <skipped/>
  </testcase> <!-- doLogin -->
</testsuite> <!-- com.qtpselenium.hybrid.suitea.LoginTest -->
