<?xml version="1.0" encoding="UTF-8"?>
<!-- Generated by org.testng.reporters.JUnitReportReporter -->
<testsuite skipped="0" hostname="DESKTOP-TKK5GPG" name="com.retail.testcases.AddProduct" tests="2" failures="0" timestamp="20 Jan 2021 13:18:31 GMT" time="3.262" errors="0">
  <testcase name="addProduct" time="0.725" classname="com.retail.testcases.AddProduct"/>
  <testcase name="addProduct" time="2.537" classname="com.retail.testcases.AddProduct"/>
</testsuite> <!-- com.retail.testcases.AddProduct -->
