<?xml version="1.0" encoding="UTF-8"?>
<!-- Generated by org.testng.reporters.JUnitReportReporter -->
<testsuite skipped="1" hostname="DESKTOP-TKK5GPG" name="com.retail.testcases.AddCategory" tests="1" failures="0" timestamp="9 Apr 2021 13:32:40 GMT" time="0.000" errors="0">
  <testcase name="addCategory" time="0.000" classname="com.retail.testcases.AddCategory">
    <skipped/>
  </testcase> <!-- addCategory -->
</testsuite> <!-- com.retail.testcases.AddCategory -->
