<?xml version="1.0" encoding="UTF-8"?>
<!-- Generated by org.testng.reporters.JUnitReportReporter -->
<testsuite skipped="0" hostname="DESKTOP-TKK5GPG" name="com.util.retail.DataUtil" tests="1" failures="0" timestamp="19 Jan 2021 13:16:29 GMT" time="7.995" errors="0">
  <testcase name="getData1" time="7.995" classname="com.util.retail.DataUtil"/>
</testsuite> <!-- com.util.retail.DataUtil -->
