<?xml version="1.0" encoding="UTF-8"?>
<!-- Generated by org.testng.reporters.JUnitReportReporter -->
<testsuite skipped="0" hostname="DESKTOP-TKK5GPG" name="com.retail.base.Temp" tests="1" failures="0" timestamp="22 Jan 2021 13:04:37 GMT" time="0.016" errors="0">
  <testcase name="allTest" time="0.016" classname="com.retail.base.Temp"/>
</testsuite> <!-- com.retail.base.Temp -->
