<?xml version="1.0" encoding="UTF-8"?>
<!-- Generated by org.testng.reporters.JUnitReportReporter -->
<testsuite skipped="0" hostname="DESKTOP-TKK5GPG" name="basics.GetAllStudentsData" tests="1" failures="0" timestamp="8 Mar 2021 14:34:13 GMT" time="3.261" errors="0">
  <testcase name="asas" time="3.261" classname="basics.GetAllStudentsData"/>
</testsuite> <!-- basics.GetAllStudentsData -->
