<?xml version="1.0" encoding="UTF-8"?>
<!-- Generated by org.testng.reporters.JUnitReportReporter -->
<testsuite skipped="0" hostname="DESKTOP-TKK5GPG" name="CrudOperationExamples.DeleteReqTest" tests="1" failures="0" timestamp="8 Mar 2021 14:36:35 GMT" time="3.480" errors="0">
  <testcase name="deleteStudent" time="3.480" classname="CrudOperationExamples.DeleteReqTest"/>
</testsuite> <!-- CrudOperationExamples.DeleteReqTest -->
