<?xml version="1.0" encoding="UTF-8"?>
<!-- Generated by org.testng.reporters.JUnitReportReporter -->
<testsuite hostname="DESKTOP-TKK5GPG" name="postreqexample2.PostReqEx2" tests="1" failures="0" timestamp="10 Jan 2021 15:42:44 GMT" time="3.160" errors="0">
  <testcase name="postreq" time="3.160" classname="postreqexample2.PostReqEx2"/>
</testsuite> <!-- postreqexample2.PostReqEx2 -->
