<?xml version="1.0" encoding="UTF-8"?>
<!-- Generated by org.testng.reporters.JUnitReportReporter -->
<testsuite skipped="0" hostname="DESKTOP-TKK5GPG" name="CrudOperationExamples.GetReqTest" tests="1" failures="0" timestamp="8 Mar 2021 14:11:56 GMT" time="3.012" errors="0">
  <testcase name="getAllStudent" time="3.012" classname="CrudOperationExamples.GetReqTest"/>
</testsuite> <!-- CrudOperationExamples.GetReqTest -->
