<?xml version="1.0" encoding="UTF-8"?>
<!-- Generated by org.testng.reporters.JUnitReportReporter -->
<testsuite skipped="0" hostname="DESKTOP-TKK5GPG" name="postreqexample1.PostReqEx1" tests="1" failures="0" timestamp="30 Nov 2021 00:18:54 GMT" time="4.773" errors="0">
  <testcase name="test001" time="4.773" classname="postreqexample1.PostReqEx1"/>
</testsuite> <!-- postreqexample1.PostReqEx1 -->
