<?xml version="1.0" encoding="UTF-8"?>
<!-- Generated by org.testng.reporters.JUnitReportReporter -->
<testsuite skipped="0" hostname="DESKTOP-TKK5GPG" name="CrudOperationExamples.PutReqTest" tests="1" failures="0" timestamp="8 Mar 2021 14:34:38 GMT" time="3.789" errors="0">
  <testcase name="putStudent" time="3.789" classname="CrudOperationExamples.PutReqTest"/>
</testsuite> <!-- CrudOperationExamples.PutReqTest -->
