<?xml version="1.0" encoding="UTF-8"?>
<!-- Generated by org.testng.reporters.JUnitReportReporter -->
<testsuite skipped="0" hostname="DESKTOP-TKK5GPG" name="postreqopps.PostReqObjectExample" tests="1" failures="0" timestamp="10 Mar 2021 14:34:53 GMT" time="4.773" errors="0">
  <testcase name="test001" time="4.773" classname="postreqopps.PostReqObjectExample"/>
</testsuite> <!-- postreqopps.PostReqObjectExample -->
