<?xml version="1.0" encoding="UTF-8"?>
<!-- Generated by org.testng.reporters.JUnitReportReporter -->
<testsuite skipped="0" hostname="DESKTOP-TKK5GPG" name="logging.ResponseLoggingExamples" tests="1" failures="0" timestamp="9 Mar 2021 14:18:15 GMT" time="3.256" errors="0">
  <testcase name="getHeaderLogs" time="3.256" classname="logging.ResponseLoggingExamples"/>
</testsuite> <!-- logging.ResponseLoggingExamples -->
