<?xml version="1.0" encoding="UTF-8"?>
<!-- Generated by org.testng.reporters.JUnitReportReporter -->
<testsuite skipped="0" hostname="DESKTOP-TKK5GPG" name="postreqarray.PostReqMapExample" tests="1" failures="0" timestamp="9 Mar 2021 14:28:49 GMT" time="4.073" errors="0">
  <testcase name="test001" time="4.073" classname="postreqarray.PostReqMapExample"/>
</testsuite> <!-- postreqarray.PostReqMapExample -->
