<?xml version="1.0" encoding="UTF-8"?>
<!-- Generated by org.testng.reporters.JUnitReportReporter -->
<testsuite hostname="DESKTOP-TKK5GPG" name="postreqarray.PostReqArrayExample" tests="1" failures="0" timestamp="10 Jan 2021 12:49:40 GMT" time="4.069" errors="0">
  <testcase name="createJsonArray" time="4.069" classname="postreqarray.PostReqArrayExample"/>
</testsuite> <!-- postreqarray.PostReqArrayExample -->
