<?xml version="1.0" encoding="UTF-8"?>
<!-- Generated by org.testng.reporters.JUnitReportReporter -->
<testsuite skipped="0" hostname="DESKTOP-TKK5GPG" name="postreqexample2.PostReqExample2" tests="1" failures="0" timestamp="30 Nov 2021 02:15:37 GMT" time="33.723" errors="0">
  <testcase name="postreq" time="33.723" classname="postreqexample2.PostReqExample2"/>
</testsuite> <!-- postreqexample2.PostReqExample2 -->
