<?xml version="1.0" encoding="UTF-8"?>
<!-- Generated by org.testng.reporters.JUnitReportReporter -->
<testsuite skipped="0" hostname="DESKTOP-TKK5GPG" name="CrudOperationExamples.PostReqTest" tests="1" failures="0" timestamp="8 Mar 2021 14:23:12 GMT" time="4.438" errors="0">
  <testcase name="postStudent" time="4.438" classname="CrudOperationExamples.PostReqTest"/>
</testsuite> <!-- CrudOperationExamples.PostReqTest -->
