<?xml version="1.0" encoding="UTF-8"?>
<!-- Generated by org.testng.reporters.JUnitReportReporter -->
<testsuite skipped="0" hostname="DESKTOP-TKK5GPG" name="postreqex3.StudentPostReq" tests="1" failures="0" timestamp="10 Mar 2021 14:50:31 GMT" time="3.652" errors="0">
  <testcase name="postreq" time="3.652" classname="postreqex3.StudentPostReq"/>
</testsuite> <!-- postreqex3.StudentPostReq -->
