<?xml version="1.0" encoding="UTF-8"?>
<!-- Generated by org.testng.reporters.JUnitReportReporter -->
<testsuite skipped="0" hostname="DESKTOP-TKK5GPG" name="basics.GetAllStudentsBetter" tests="1" failures="0" timestamp="10 Apr 2021 17:16:56 GMT" time="5.684" errors="0">
  <testcase name="getAllStudentsData" time="5.684" classname="basics.GetAllStudentsBetter"/>
</testsuite> <!-- basics.GetAllStudentsBetter -->
