<?xml version="1.0" encoding="UTF-8"?>
<!-- Generated by org.testng.reporters.JUnitReportReporter -->
<testsuite skipped="0" hostname="DESKTOP-TKK5GPG" name="runner.MyRunner" tests="1" failures="0" timestamp="24 Dec 2021 15:35:08 GMT" time="27.964" errors="0">
  <testcase name="runScenario" time="27.964" classname="runner.MyRunner"/>
</testsuite> <!-- runner.MyRunner -->
