<?xml version="1.0" encoding="UTF-8"?>
<!-- Generated by org.testng.reporters.JUnitReportReporter -->
<testsuite skipped="0" hostname="DESKTOP-TKK5GPG" name="jsonvalidations.JsonValidatorJava" tests="1" failures="0" timestamp="14 Mar 2021 12:57:24 GMT" time="5.879" errors="0">
  <testcase name="test001" time="5.879" classname="jsonvalidations.JsonValidatorJava"/>
</testsuite> <!-- jsonvalidations.JsonValidatorJava -->
