<?xml version="1.0" encoding="UTF-8"?>
<!-- Generated by org.testng.reporters.JUnitReportReporter -->
<testsuite skipped="0" hostname="DESKTOP-TKK5GPG" name="com.qtpselenium.core.ddf.testcases.DummyTestB" tests="1" failures="0" timestamp="25 Jan 2021 13:23:13 GMT" time="0.002" errors="0">
  <testcase name="testB1" time="0.002" classname="com.qtpselenium.core.ddf.testcases.DummyTestB"/>
</testsuite> <!-- com.qtpselenium.core.ddf.testcases.DummyTestB -->
