<?xml version="1.0" encoding="UTF-8"?>
<!-- Generated by org.testng.reporters.JUnitReportReporter -->
<testsuite skipped="0" hostname="DESKTOP-TKK5GPG" name="com.qtpselenium.core.ddf.testcasess.DummyTestA" tests="3" failures="0" timestamp="25 Jan 2021 13:13:51 GMT" time="0.045" errors="0">
  <testcase name="testA2" time="0.002" classname="com.qtpselenium.core.ddf.testcasess.DummyTestA"/>
  <testcase name="testA3" time="0.001" classname="com.qtpselenium.core.ddf.testcasess.DummyTestA"/>
  <testcase name="testA1" time="0.042" classname="com.qtpselenium.core.ddf.testcasess.DummyTestA"/>
</testsuite> <!-- com.qtpselenium.core.ddf.testcasess.DummyTestA -->
