<?xml version="1.0" encoding="UTF-8"?>
<!-- Generated by org.testng.reporters.JUnitReportReporter -->
<testsuite skipped="0" hostname="DESKTOP-TKK5GPG" name="testcases.LoginReq" tests="1" failures="0" timestamp="13 Mar 2021 16:27:45 GMT" time="3.807" errors="0">
  <testcase name="doLogin" time="3.807" classname="testcases.LoginReq"/>
</testsuite> <!-- testcases.LoginReq -->
