<?xml version="1.0" encoding="UTF-8"?>
<!-- Generated by org.testng.reporters.JUnitReportReporter -->
<testsuite skipped="0" hostname="DESKTOP-TKK5GPG" name="testcases.AddCategory" tests="1" failures="0" timestamp="13 Mar 2021 16:28:21 GMT" time="5.078" errors="0">
  <testcase name="addCategory" time="5.078" classname="testcases.AddCategory"/>
</testsuite> <!-- testcases.AddCategory -->
