<?xml version="1.0" encoding="UTF-8"?>
<!-- Generated by org.testng.reporters.JUnitReportReporter -->
<testsuite skipped="0" hostname="DESKTOP-TKK5GPG" name="testcases.AddProduct" tests="1" failures="0" timestamp="13 Mar 2021 16:31:10 GMT" time="4.492" errors="0">
  <testcase name="addProduct" time="4.492" classname="testcases.AddProduct"/>
</testsuite> <!-- testcases.AddProduct -->
