<?xml version="1.0" encoding="UTF-8"?>
<!-- Generated by org.testng.reporters.JUnitReportReporter -->
<testsuite hostname="DESKTOP-TKK5GPG" name="com.qtpselenium.zoho.project.testcases.PotentialTest" tests="2" failures="0" timestamp="27 Feb 2020 02:20:43 GMT" time="0.298" errors="0">
  <testcase name="deletePotentialAccountTest" time="0.162" classname="com.qtpselenium.zoho.project.testcases.PotentialTest"/>
  <testcase name="createPotentialTest" time="0.136" classname="com.qtpselenium.zoho.project.testcases.PotentialTest"/>
</testsuite> <!-- com.qtpselenium.zoho.project.testcases.PotentialTest -->
