<?xml version="1.0" encoding="UTF-8"?>
<!-- Generated by org.testng.reporters.JUnitReportReporter -->
<testsuite skipped="1" hostname="DESKTOP-TKK5GPG" name="com.qtpselenium.zoho.project.testcases.LoginTest" tests="1" failures="0" timestamp="24 Feb 2020 03:42:45 GMT" time="0.000" errors="0">
  <testcase name="testB" time="0.000" classname="com.qtpselenium.zoho.project.testcases.LoginTest">
    <skipped/>
  </testcase> <!-- testB -->
</testsuite> <!-- com.qtpselenium.zoho.project.testcases.LoginTest -->
