<?xml version="1.0" encoding="UTF-8"?>
<!-- Generated by org.testng.reporters.JUnitReportReporter -->
<testsuite skipped="0" hostname="DESKTOP-TKK5GPG" name="FiltersExample" tests="1" failures="0" timestamp="12 Mar 2021 15:01:04 GMT" time="3.032" errors="0">
  <testcase name="getStudentData" time="3.032" classname="FiltersExample"/>
</testsuite> <!-- FiltersExample -->
