<?xml version="1.0" encoding="UTF-8"?>
<!-- Generated by org.testng.reporters.JUnitReportReporter -->
<testsuite skipped="0" hostname="DESKTOP-TKK5GPG" name="FilterExample2" tests="1" failures="0" timestamp="13 Mar 2021 13:39:11 GMT" time="3.809" errors="0">
  <testcase name="getStudentData" time="3.809" classname="FilterExample2"/>
</testsuite> <!-- FilterExample2 -->
