<?xml version="1.0" encoding="UTF-8"?>
<!-- Generated by org.testng.reporters.JUnitReportReporter -->
<testsuite skipped="0" hostname="DESKTOP-TKK5GPG" name="restassured.AssertionsRest2" tests="1" failures="0" timestamp="14 Mar 2021 13:55:25 GMT" time="2.888" errors="0">
  <testcase name="getAllStudentsData" time="2.888" classname="restassured.AssertionsRest2"/>
</testsuite> <!-- restassured.AssertionsRest2 -->
