<?xml version="1.0" encoding="UTF-8"?>
<!-- Generated by org.testng.reporters.JUnitReportReporter -->
<testsuite skipped="0" hostname="DESKTOP-TKK5GPG" name="restvalid.Validationss" tests="1" failures="0" timestamp="12 Jan 2021 14:52:31 GMT" time="3.532" errors="0">
  <testcase name="test001" time="3.532" classname="restvalid.Validationss"/>
</testsuite> <!-- restvalid.Validationss -->
