<?xml version="1.0" encoding="UTF-8"?>
<!-- Generated by org.testng.reporters.JUnitReportReporter -->
<testsuite skipped="0" hostname="DESKTOP-TKK5GPG" name="hamcrestexample.HemCrestEx3" tests="1" failures="0" timestamp="15 Mar 2021 13:06:21 GMT" time="4.345" errors="0">
  <testcase name="getAllStudents1" time="4.345" classname="hamcrestexample.HemCrestEx3"/>
</testsuite> <!-- hamcrestexample.HemCrestEx3 -->
