<?xml version="1.0" encoding="UTF-8"?>
<!-- Generated by org.testng.reporters.JUnitReportReporter -->
<testsuite skipped="0" hostname="DESKTOP-TKK5GPG" name="restassured.AssertionsRest" tests="1" failures="0" timestamp="14 Mar 2021 13:27:51 GMT" time="0.078" errors="0">
  <testcase name="test001" time="0.078" classname="restassured.AssertionsRest"/>
</testsuite> <!-- restassured.AssertionsRest -->
