<?xml version="1.0" encoding="UTF-8"?>
<!-- Generated by org.testng.reporters.JUnitReportReporter -->
<testsuite skipped="0" hostname="DESKTOP-TKK5GPG" name="extraction.ExtractionExample2" tests="1" failures="0" timestamp="11 Mar 2021 14:01:12 GMT" time="5.693" errors="0">
  <testcase name="test001" time="5.693" classname="extraction.ExtractionExample2"/>
</testsuite> <!-- extraction.ExtractionExample2 -->
