<?xml version="1.0" encoding="UTF-8"?>
<!-- Generated by org.testng.reporters.JUnitReportReporter -->
<testsuite skipped="0" hostname="DESKTOP-TKK5GPG" name="extraction.ExtractionExamples" tests="1" failures="0" timestamp="11 Mar 2021 13:27:53 GMT" time="30.338" errors="0">
  <testcase name="test001" time="30.338" classname="extraction.ExtractionExamples"/>
</testsuite> <!-- extraction.ExtractionExamples -->
