<?xml version="1.0" encoding="UTF-8"?>
<!-- Generated by org.testng.reporters.JUnitReportReporter -->
<testsuite skipped="0" hostname="DESKTOP-TKK5GPG" name="mockserverexamples.TestPro" tests="3" failures="0" timestamp="12 Mar 2021 13:18:46 GMT" time="9.549" errors="0">
  <testcase name="test002" time="1.051" classname="mockserverexamples.TestPro"/>
  <testcase name="test001" time="7.429" classname="mockserverexamples.TestPro"/>
  <testcase name="test003" time="1.069" classname="mockserverexamples.TestPro"/>
</testsuite> <!-- mockserverexamples.TestPro -->
