<?xml version="1.0" encoding="UTF-8"?>
<!-- Generated by org.testng.reporters.JUnitReportReporter -->
<testsuite skipped="0" hostname="DESKTOP-TKK5GPG" name="extraction.JsonExtractionExamples" tests="1" failures="0" timestamp="14 Mar 2021 02:09:00 GMT" time="4.086" errors="0">
  <testcase name="test001" time="4.086" classname="extraction.JsonExtractionExamples"/>
</testsuite> <!-- extraction.JsonExtractionExamples -->
