<?xml version="1.0" encoding="UTF-8"?>
<!-- Generated by org.testng.reporters.JUnitReportReporter -->
<testsuite skipped="0" hostname="DESKTOP-TKK5GPG" name="zoho.runner.MyRunner" tests="1" failures="0" timestamp="24 Dec 2021 21:05:14 GMT" time="2.419" errors="0">
  <testcase name="runScenario" time="2.419" classname="zoho.runner.MyRunner"/>
</testsuite> <!-- zoho.runner.MyRunner -->
