<?xml version="1.0" encoding="UTF-8"?>
<!-- Generated by org.testng.reporters.JUnitReportReporter -->
<testsuite skipped="0" hostname="DESKTOP-TKK5GPG" name="downloadvalidator.FileDownloadExample" tests="1" failures="0" timestamp="15 Mar 2021 22:36:00 GMT" time="7.566" errors="0">
  <testcase name="verifyDownloadTest" time="7.566" classname="downloadvalidator.FileDownloadExample"/>
</testsuite> <!-- downloadvalidator.FileDownloadExample -->
